<?xml version="1.0" encoding="UTF-8"?>
<!-- Generated by org.testng.reporters.JUnitXMLReporter -->
<testsuite hostname="Raju" ignored="0" name="BankingApp Test" tests="1" failures="0" timestamp="2020-12-19T13:03:29 IST" time="5.932" errors="0">
  <testcase name="@BeforeClass setup" time="5.169" classname="com.rajubanking.TestCases.BaseClass">
    <failure type="org.openqa.selenium.SessionNotCreatedException" message="session not created: This version of ChromeDriver only supports Chrome version 85
Build info: version: &amp;apos;3.141.59&amp;apos;, revision: &amp;apos;e82be7d358&amp;apos;, time: &amp;apos;2018-11-14T08:17:03&amp;apos;
System info: host: &amp;apos;RAJU&amp;apos;, ip: &amp;apos;192.168.43.185&amp;apos;, os.name: &amp;apos;Windows 8.1&amp;apos;, os.arch: &amp;apos;amd64&amp;apos;, os.version: &amp;apos;6.3&amp;apos;, java.version: &amp;apos;1.8.0_111&amp;apos;
Driver info: driver.version: ChromeDriver
remote stacktrace: Backtrace:
	Ordinal0 [0x00F7D383+3134339]
	Ordinal0 [0x00E6A171+2007409]
	Ordinal0 [0x00D0AEE8+569064]
	Ordinal0 [0x00C9139F+70559]
	Ordinal0 [0x00C8CC63+52323]
	Ordinal0 [0x00CB0DFC+200188]
	Ordinal0 [0x00CB0C1D+199709]
	Ordinal0 [0x00CAEB0B+191243]
	Ordinal0 [0x00C92E77+77431]
	Ordinal0 [0x00C93E3E+81470]
	Ordinal0 [0x00C93DC9+81353]
	Ordinal0 [0x00E80CD9+2100441]
	GetHandleVerifier [0x010EB75A+1396954]
	GetHandleVerifier [0x010EB3D9+1396057]
	GetHandleVerifier [0x010F7126+1444518]
	GetHandleVerifier [0x010EBCE8+1398376]
	Ordinal0 [0x00E77F51+2064209]
	Ordinal0 [0x00E822EB+2106091]
	Ordinal0 [0x00E82411+2106385]
	Ordinal0 [0x00E949C4+2181572]
	BaseThreadInitThunk [0x757EA534+14]
	RtlInitializeExceptionChain [0x77A98F8B+132]
	RtlInitializeExceptionChain [0x77A98F61+90]
">
      <![CDATA[org.openqa.selenium.SessionNotCreatedException: session not created: This version of ChromeDriver only supports Chrome version 85
Build info: version: '3.141.59', revision: 'e82be7d358', time: '2018-11-14T08:17:03'
System info: host: 'RAJU', ip: '192.168.43.185', os.name: 'Windows 8.1', os.arch: 'amd64', os.version: '6.3', java.version: '1.8.0_111'
Driver info: driver.version: ChromeDriver
remote stacktrace: Backtrace:
Ordinal0 [0x00F7D383+3134339]
Ordinal0 [0x00E6A171+2007409]
Ordinal0 [0x00D0AEE8+569064]
Ordinal0 [0x00C9139F+70559]
Ordinal0 [0x00C8CC63+52323]
Ordinal0 [0x00CB0DFC+200188]
Ordinal0 [0x00CB0C1D+199709]
Ordinal0 [0x00CAEB0B+191243]
Ordinal0 [0x00C92E77+77431]
Ordinal0 [0x00C93E3E+81470]
Ordinal0 [0x00C93DC9+81353]
Ordinal0 [0x00E80CD9+2100441]
GetHandleVerifier [0x010EB75A+1396954]
GetHandleVerifier [0x010EB3D9+1396057]
GetHandleVerifier [0x010F7126+1444518]
GetHandleVerifier [0x010EBCE8+1398376]
Ordinal0 [0x00E77F51+2064209]
Ordinal0 [0x00E822EB+2106091]
Ordinal0 [0x00E82411+2106385]
Ordinal0 [0x00E949C4+2181572]
BaseThreadInitThunk [0x757EA534+14]
RtlInitializeExceptionChain [0x77A98F8B+132]
RtlInitializeExceptionChain [0x77A98F61+90]

at org.openqa.selenium.remote.W3CHandshakeResponse.lambda$errorHandler$0(W3CHandshakeResponse.java:62)
at org.openqa.selenium.remote.HandshakeResponse.lambda$getResponseFunction$0(HandshakeResponse.java:30)
at org.openqa.selenium.remote.ProtocolHandshake.lambda$createSession$0(ProtocolHandshake.java:126)
at java.util.stream.ReferencePipeline$3$1.accept(ReferencePipeline.java:193)
at java.util.Spliterators$ArraySpliterator.tryAdvance(Spliterators.java:958)
at java.util.stream.ReferencePipeline.forEachWithCancel(ReferencePipeline.java:126)
at java.util.stream.AbstractPipeline.copyIntoWithCancel(AbstractPipeline.java:498)
at java.util.stream.AbstractPipeline.copyInto(AbstractPipeline.java:485)
at java.util.stream.AbstractPipeline.wrapAndCopyInto(AbstractPipeline.java:471)
at java.util.stream.FindOps$FindOp.evaluateSequential(FindOps.java:152)
at java.util.stream.AbstractPipeline.evaluate(AbstractPipeline.java:234)
at java.util.stream.ReferencePipeline.findFirst(ReferencePipeline.java:464)
at org.openqa.selenium.remote.ProtocolHandshake.createSession(ProtocolHandshake.java:128)
at org.openqa.selenium.remote.ProtocolHandshake.createSession(ProtocolHandshake.java:74)
at org.openqa.selenium.remote.HttpCommandExecutor.execute(HttpCommandExecutor.java:136)
at org.openqa.selenium.remote.service.DriverCommandExecutor.execute(DriverCommandExecutor.java:83)
at org.openqa.selenium.remote.RemoteWebDriver.execute(RemoteWebDriver.java:552)
at org.openqa.selenium.remote.RemoteWebDriver.startSession(RemoteWebDriver.java:213)
at org.openqa.selenium.remote.RemoteWebDriver.<init>(RemoteWebDriver.java:131)
at org.openqa.selenium.chrome.ChromeDriver.<init>(ChromeDriver.java:181)
at org.openqa.selenium.chrome.ChromeDriver.<init>(ChromeDriver.java:168)
at org.openqa.selenium.chrome.ChromeDriver.<init>(ChromeDriver.java:123)
at com.rajubanking.TestCases.BaseClass.setup(BaseClass.java:42)
at java.util.ArrayList.forEach(ArrayList.java:1249)
... Removed 29 stack frames]]>
    </failure>
  </testcase> <!-- @BeforeClass setup -->
  <testcase name="@AfterClass teardown" time="-1.608363209067E9" classname="com.rajubanking.TestCases.BaseClass">
    <skipped/>
  </testcase> <!-- @AfterClass teardown -->
  <testcase name="addNewCustomer" time="0.0" classname="com.rajubanking.TestCases.TC_AddCustomerTest_003">
    <skipped/>
  </testcase> <!-- addNewCustomer -->
</testsuite> <!-- BankingApp Test -->
