<?xml version="1.0" encoding="UTF-8"?>
<testng-results skipped="1" failed="0" ignored="0" total="1" passed="0">
  <reporter-output>
  </reporter-output>
  <suite name="rajuBankingV1" duration-ms="5932" started-at="2020-12-19T13:03:23 IST" finished-at="2020-12-19T13:03:29 IST">
    <groups>
    </groups>
    <test name="BankingApp Test" duration-ms="5932" started-at="2020-12-19T13:03:23 IST" finished-at="2020-12-19T13:03:29 IST">
      <class name="com.rajubanking.TestCases.TC_AddCustomerTest_003">
        <test-method status="FAIL" signature="setup(java.lang.String)[pri:0, instance:com.rajubanking.TestCases.TC_AddCustomerTest_003@e320068]" name="setup" is-config="true" duration-ms="5169" started-at="2020-12-19T13:03:23 IST" finished-at="2020-12-19T13:03:28 IST">
          <params>
            <param index="0">
              <value>
                <![CDATA[chrome]]>
              </value>
            </param>
          </params>
          <exception class="org.openqa.selenium.SessionNotCreatedException">
            <message>
              <![CDATA[session not created: This version of ChromeDriver only supports Chrome version 85
Build info: version: '3.141.59', revision: 'e82be7d358', time: '2018-11-14T08:17:03'
System info: host: 'RAJU', ip: '192.168.43.185', os.name: 'Windows 8.1', os.arch: 'amd64', os.version: '6.3', java.version: '1.8.0_111'
Driver info: driver.version: ChromeDriver
remote stacktrace: Backtrace:
Ordinal0 [0x00F7D383+3134339]
Ordinal0 [0x00E6A171+2007409]
Ordinal0 [0x00D0AEE8+569064]
Ordinal0 [0x00C9139F+70559]
Ordinal0 [0x00C8CC63+52323]
Ordinal0 [0x00CB0DFC+200188]
Ordinal0 [0x00CB0C1D+199709]
Ordinal0 [0x00CAEB0B+191243]
Ordinal0 [0x00C92E77+77431]
Ordinal0 [0x00C93E3E+81470]
Ordinal0 [0x00C93DC9+81353]
Ordinal0 [0x00E80CD9+2100441]
GetHandleVerifier [0x010EB75A+1396954]
GetHandleVerifier [0x010EB3D9+1396057]
GetHandleVerifier [0x010F7126+1444518]
GetHandleVerifier [0x010EBCE8+1398376]
Ordinal0 [0x00E77F51+2064209]
Ordinal0 [0x00E822EB+2106091]
Ordinal0 [0x00E82411+2106385]
Ordinal0 [0x00E949C4+2181572]
BaseThreadInitThunk [0x757EA534+14]
RtlInitializeExceptionChain [0x77A98F8B+132]
RtlInitializeExceptionChain [0x77A98F61+90]
]]>
            </message>
            <full-stacktrace>
              <![CDATA[org.openqa.selenium.SessionNotCreatedException: session not created: This version of ChromeDriver only supports Chrome version 85
Build info: version: '3.141.59', revision: 'e82be7d358', time: '2018-11-14T08:17:03'
System info: host: 'RAJU', ip: '192.168.43.185', os.name: 'Windows 8.1', os.arch: 'amd64', os.version: '6.3', java.version: '1.8.0_111'
Driver info: driver.version: ChromeDriver
remote stacktrace: Backtrace:
Ordinal0 [0x00F7D383+3134339]
Ordinal0 [0x00E6A171+2007409]
Ordinal0 [0x00D0AEE8+569064]
Ordinal0 [0x00C9139F+70559]
Ordinal0 [0x00C8CC63+52323]
Ordinal0 [0x00CB0DFC+200188]
Ordinal0 [0x00CB0C1D+199709]
Ordinal0 [0x00CAEB0B+191243]
Ordinal0 [0x00C92E77+77431]
Ordinal0 [0x00C93E3E+81470]
Ordinal0 [0x00C93DC9+81353]
Ordinal0 [0x00E80CD9+2100441]
GetHandleVerifier [0x010EB75A+1396954]
GetHandleVerifier [0x010EB3D9+1396057]
GetHandleVerifier [0x010F7126+1444518]
GetHandleVerifier [0x010EBCE8+1398376]
Ordinal0 [0x00E77F51+2064209]
Ordinal0 [0x00E822EB+2106091]
Ordinal0 [0x00E82411+2106385]
Ordinal0 [0x00E949C4+2181572]
BaseThreadInitThunk [0x757EA534+14]
RtlInitializeExceptionChain [0x77A98F8B+132]
RtlInitializeExceptionChain [0x77A98F61+90]

at sun.reflect.NativeConstructorAccessorImpl.newInstance0(Native Method)
at sun.reflect.NativeConstructorAccessorImpl.newInstance(NativeConstructorAccessorImpl.java:62)
at sun.reflect.DelegatingConstructorAccessorImpl.newInstance(DelegatingConstructorAccessorImpl.java:45)
at java.lang.reflect.Constructor.newInstance(Constructor.java:423)
at org.openqa.selenium.remote.W3CHandshakeResponse.lambda$errorHandler$0(W3CHandshakeResponse.java:62)
at org.openqa.selenium.remote.HandshakeResponse.lambda$getResponseFunction$0(HandshakeResponse.java:30)
at org.openqa.selenium.remote.ProtocolHandshake.lambda$createSession$0(ProtocolHandshake.java:126)
at java.util.stream.ReferencePipeline$3$1.accept(ReferencePipeline.java:193)
at java.util.Spliterators$ArraySpliterator.tryAdvance(Spliterators.java:958)
at java.util.stream.ReferencePipeline.forEachWithCancel(ReferencePipeline.java:126)
at java.util.stream.AbstractPipeline.copyIntoWithCancel(AbstractPipeline.java:498)
at java.util.stream.AbstractPipeline.copyInto(AbstractPipeline.java:485)
at java.util.stream.AbstractPipeline.wrapAndCopyInto(AbstractPipeline.java:471)
at java.util.stream.FindOps$FindOp.evaluateSequential(FindOps.java:152)
at java.util.stream.AbstractPipeline.evaluate(AbstractPipeline.java:234)
at java.util.stream.ReferencePipeline.findFirst(ReferencePipeline.java:464)
at org.openqa.selenium.remote.ProtocolHandshake.createSession(ProtocolHandshake.java:128)
at org.openqa.selenium.remote.ProtocolHandshake.createSession(ProtocolHandshake.java:74)
at org.openqa.selenium.remote.HttpCommandExecutor.execute(HttpCommandExecutor.java:136)
at org.openqa.selenium.remote.service.DriverCommandExecutor.execute(DriverCommandExecutor.java:83)
at org.openqa.selenium.remote.RemoteWebDriver.execute(RemoteWebDriver.java:552)
at org.openqa.selenium.remote.RemoteWebDriver.startSession(RemoteWebDriver.java:213)
at org.openqa.selenium.remote.RemoteWebDriver.<init>(RemoteWebDriver.java:131)
at org.openqa.selenium.chrome.ChromeDriver.<init>(ChromeDriver.java:181)
at org.openqa.selenium.chrome.ChromeDriver.<init>(ChromeDriver.java:168)
at org.openqa.selenium.chrome.ChromeDriver.<init>(ChromeDriver.java:123)
at com.rajubanking.TestCases.BaseClass.setup(BaseClass.java:42)
at sun.reflect.NativeMethodAccessorImpl.invoke0(Native Method)
at sun.reflect.NativeMethodAccessorImpl.invoke(NativeMethodAccessorImpl.java:62)
at sun.reflect.DelegatingMethodAccessorImpl.invoke(DelegatingMethodAccessorImpl.java:43)
at java.lang.reflect.Method.invoke(Method.java:498)
at org.testng.internal.MethodInvocationHelper.invokeMethod(MethodInvocationHelper.java:134)
at org.testng.internal.MethodInvocationHelper.invokeMethodConsideringTimeout(MethodInvocationHelper.java:63)
at org.testng.internal.ConfigInvoker.invokeConfigurationMethod(ConfigInvoker.java:348)
at org.testng.internal.ConfigInvoker.invokeConfigurations(ConfigInvoker.java:302)
at org.testng.internal.TestMethodWorker.invokeBeforeClassMethods(TestMethodWorker.java:176)
at org.testng.internal.TestMethodWorker.run(TestMethodWorker.java:122)
at java.util.ArrayList.forEach(ArrayList.java:1249)
at org.testng.TestRunner.privateRun(TestRunner.java:766)
at org.testng.TestRunner.run(TestRunner.java:587)
at org.testng.SuiteRunner.runTest(SuiteRunner.java:384)
at org.testng.SuiteRunner.runSequentially(SuiteRunner.java:378)
at org.testng.SuiteRunner.privateRun(SuiteRunner.java:337)
at org.testng.SuiteRunner.run(SuiteRunner.java:286)
at org.testng.SuiteRunnerWorker.runSuite(SuiteRunnerWorker.java:53)
at org.testng.SuiteRunnerWorker.run(SuiteRunnerWorker.java:96)
at org.testng.TestNG.runSuitesSequentially(TestNG.java:1187)
at org.testng.TestNG.runSuitesLocally(TestNG.java:1109)
at org.testng.TestNG.runSuites(TestNG.java:1039)
at org.testng.TestNG.run(TestNG.java:1007)
at org.testng.remote.AbstractRemoteTestNG.run(AbstractRemoteTestNG.java:115)
at org.testng.remote.RemoteTestNG.initAndRun(RemoteTestNG.java:251)
at org.testng.remote.RemoteTestNG.main(RemoteTestNG.java:77)
]]>
            </full-stacktrace>
          </exception> <!-- org.openqa.selenium.SessionNotCreatedException -->
          <reporter-output>
          </reporter-output>
        </test-method> <!-- setup -->
        <test-method status="SKIP" signature="addNewCustomer()[pri:0, instance:com.rajubanking.TestCases.TC_AddCustomerTest_003@e320068]" name="addNewCustomer" duration-ms="0" started-at="2020-12-19T13:03:28 IST" finished-at="2020-12-19T13:03:28 IST">
          <exception class="org.openqa.selenium.SessionNotCreatedException">
            <message>
              <![CDATA[session not created: This version of ChromeDriver only supports Chrome version 85
Build info: version: '3.141.59', revision: 'e82be7d358', time: '2018-11-14T08:17:03'
System info: host: 'RAJU', ip: '192.168.43.185', os.name: 'Windows 8.1', os.arch: 'amd64', os.version: '6.3', java.version: '1.8.0_111'
Driver info: driver.version: ChromeDriver
remote stacktrace: Backtrace:
Ordinal0 [0x00F7D383+3134339]
Ordinal0 [0x00E6A171+2007409]
Ordinal0 [0x00D0AEE8+569064]
Ordinal0 [0x00C9139F+70559]
Ordinal0 [0x00C8CC63+52323]
Ordinal0 [0x00CB0DFC+200188]
Ordinal0 [0x00CB0C1D+199709]
Ordinal0 [0x00CAEB0B+191243]
Ordinal0 [0x00C92E77+77431]
Ordinal0 [0x00C93E3E+81470]
Ordinal0 [0x00C93DC9+81353]
Ordinal0 [0x00E80CD9+2100441]
GetHandleVerifier [0x010EB75A+1396954]
GetHandleVerifier [0x010EB3D9+1396057]
GetHandleVerifier [0x010F7126+1444518]
GetHandleVerifier [0x010EBCE8+1398376]
Ordinal0 [0x00E77F51+2064209]
Ordinal0 [0x00E822EB+2106091]
Ordinal0 [0x00E82411+2106385]
Ordinal0 [0x00E949C4+2181572]
BaseThreadInitThunk [0x757EA534+14]
RtlInitializeExceptionChain [0x77A98F8B+132]
RtlInitializeExceptionChain [0x77A98F61+90]
]]>
            </message>
            <full-stacktrace>
              <![CDATA[org.openqa.selenium.SessionNotCreatedException: session not created: This version of ChromeDriver only supports Chrome version 85
Build info: version: '3.141.59', revision: 'e82be7d358', time: '2018-11-14T08:17:03'
System info: host: 'RAJU', ip: '192.168.43.185', os.name: 'Windows 8.1', os.arch: 'amd64', os.version: '6.3', java.version: '1.8.0_111'
Driver info: driver.version: ChromeDriver
remote stacktrace: Backtrace:
Ordinal0 [0x00F7D383+3134339]
Ordinal0 [0x00E6A171+2007409]
Ordinal0 [0x00D0AEE8+569064]
Ordinal0 [0x00C9139F+70559]
Ordinal0 [0x00C8CC63+52323]
Ordinal0 [0x00CB0DFC+200188]
Ordinal0 [0x00CB0C1D+199709]
Ordinal0 [0x00CAEB0B+191243]
Ordinal0 [0x00C92E77+77431]
Ordinal0 [0x00C93E3E+81470]
Ordinal0 [0x00C93DC9+81353]
Ordinal0 [0x00E80CD9+2100441]
GetHandleVerifier [0x010EB75A+1396954]
GetHandleVerifier [0x010EB3D9+1396057]
GetHandleVerifier [0x010F7126+1444518]
GetHandleVerifier [0x010EBCE8+1398376]
Ordinal0 [0x00E77F51+2064209]
Ordinal0 [0x00E822EB+2106091]
Ordinal0 [0x00E82411+2106385]
Ordinal0 [0x00E949C4+2181572]
BaseThreadInitThunk [0x757EA534+14]
RtlInitializeExceptionChain [0x77A98F8B+132]
RtlInitializeExceptionChain [0x77A98F61+90]

at sun.reflect.NativeConstructorAccessorImpl.newInstance0(Native Method)
at sun.reflect.NativeConstructorAccessorImpl.newInstance(NativeConstructorAccessorImpl.java:62)
at sun.reflect.DelegatingConstructorAccessorImpl.newInstance(DelegatingConstructorAccessorImpl.java:45)
at java.lang.reflect.Constructor.newInstance(Constructor.java:423)
at org.openqa.selenium.remote.W3CHandshakeResponse.lambda$errorHandler$0(W3CHandshakeResponse.java:62)
at org.openqa.selenium.remote.HandshakeResponse.lambda$getResponseFunction$0(HandshakeResponse.java:30)
at org.openqa.selenium.remote.ProtocolHandshake.lambda$createSession$0(ProtocolHandshake.java:126)
at java.util.stream.ReferencePipeline$3$1.accept(ReferencePipeline.java:193)
at java.util.Spliterators$ArraySpliterator.tryAdvance(Spliterators.java:958)
at java.util.stream.ReferencePipeline.forEachWithCancel(ReferencePipeline.java:126)
at java.util.stream.AbstractPipeline.copyIntoWithCancel(AbstractPipeline.java:498)
at java.util.stream.AbstractPipeline.copyInto(AbstractPipeline.java:485)
at java.util.stream.AbstractPipeline.wrapAndCopyInto(AbstractPipeline.java:471)
at java.util.stream.FindOps$FindOp.evaluateSequential(FindOps.java:152)
at java.util.stream.AbstractPipeline.evaluate(AbstractPipeline.java:234)
at java.util.stream.ReferencePipeline.findFirst(ReferencePipeline.java:464)
at org.openqa.selenium.remote.ProtocolHandshake.createSession(ProtocolHandshake.java:128)
at org.openqa.selenium.remote.ProtocolHandshake.createSession(ProtocolHandshake.java:74)
at org.openqa.selenium.remote.HttpCommandExecutor.execute(HttpCommandExecutor.java:136)
at org.openqa.selenium.remote.service.DriverCommandExecutor.execute(DriverCommandExecutor.java:83)
at org.openqa.selenium.remote.RemoteWebDriver.execute(RemoteWebDriver.java:552)
at org.openqa.selenium.remote.RemoteWebDriver.startSession(RemoteWebDriver.java:213)
at org.openqa.selenium.remote.RemoteWebDriver.<init>(RemoteWebDriver.java:131)
at org.openqa.selenium.chrome.ChromeDriver.<init>(ChromeDriver.java:181)
at org.openqa.selenium.chrome.ChromeDriver.<init>(ChromeDriver.java:168)
at org.openqa.selenium.chrome.ChromeDriver.<init>(ChromeDriver.java:123)
at com.rajubanking.TestCases.BaseClass.setup(BaseClass.java:42)
at sun.reflect.NativeMethodAccessorImpl.invoke0(Native Method)
at sun.reflect.NativeMethodAccessorImpl.invoke(NativeMethodAccessorImpl.java:62)
at sun.reflect.DelegatingMethodAccessorImpl.invoke(DelegatingMethodAccessorImpl.java:43)
at java.lang.reflect.Method.invoke(Method.java:498)
at org.testng.internal.MethodInvocationHelper.invokeMethod(MethodInvocationHelper.java:134)
at org.testng.internal.MethodInvocationHelper.invokeMethodConsideringTimeout(MethodInvocationHelper.java:63)
at org.testng.internal.ConfigInvoker.invokeConfigurationMethod(ConfigInvoker.java:348)
at org.testng.internal.ConfigInvoker.invokeConfigurations(ConfigInvoker.java:302)
at org.testng.internal.TestMethodWorker.invokeBeforeClassMethods(TestMethodWorker.java:176)
at org.testng.internal.TestMethodWorker.run(TestMethodWorker.java:122)
at java.util.ArrayList.forEach(ArrayList.java:1249)
at org.testng.TestRunner.privateRun(TestRunner.java:766)
at org.testng.TestRunner.run(TestRunner.java:587)
at org.testng.SuiteRunner.runTest(SuiteRunner.java:384)
at org.testng.SuiteRunner.runSequentially(SuiteRunner.java:378)
at org.testng.SuiteRunner.privateRun(SuiteRunner.java:337)
at org.testng.SuiteRunner.run(SuiteRunner.java:286)
at org.testng.SuiteRunnerWorker.runSuite(SuiteRunnerWorker.java:53)
at org.testng.SuiteRunnerWorker.run(SuiteRunnerWorker.java:96)
at org.testng.TestNG.runSuitesSequentially(TestNG.java:1187)
at org.testng.TestNG.runSuitesLocally(TestNG.java:1109)
at org.testng.TestNG.runSuites(TestNG.java:1039)
at org.testng.TestNG.run(TestNG.java:1007)
at org.testng.remote.AbstractRemoteTestNG.run(AbstractRemoteTestNG.java:115)
at org.testng.remote.RemoteTestNG.initAndRun(RemoteTestNG.java:251)
at org.testng.remote.RemoteTestNG.main(RemoteTestNG.java:77)
]]>
            </full-stacktrace>
          </exception> <!-- org.openqa.selenium.SessionNotCreatedException -->
          <reporter-output>
          </reporter-output>
        </test-method> <!-- addNewCustomer -->
        <test-method status="SKIP" signature="teardown()[pri:0, instance:com.rajubanking.TestCases.TC_AddCustomerTest_003@e320068]" name="teardown" is-config="true" duration-ms="-1608363209067" started-at="2020-12-19T13:03:29 IST" finished-at="1970-01-01T05:30:00 IST">
          <reporter-output>
          </reporter-output>
        </test-method> <!-- teardown -->
      </class> <!-- com.rajubanking.TestCases.TC_AddCustomerTest_003 -->
    </test> <!-- BankingApp Test -->
  </suite> <!-- rajuBankingV1 -->
</testng-results>
